number,value,datetime_start,datetime_complete,duration,params_alpha,params_eps_decay,params_eps_min,params_eps_start,system_attrs_fixed_params,system_attrs_tpe:relative_params:0,state
0,0.02221368449836237,2026-10-04 20:12:22.286055,2026-10-04 20:12:55.688931,0 days 00:00:33.402876,0.1,0.995,0.05,1.0,"{'alpha': 0.1, 'eps_start': 1.0, 'eps_min': 0.05, 'eps_decay': 0.995}",,COMPLETE
1,0.021821332611304308,2026-10-04 20:12:55.689683,2026-10-04 20:13:09.063989,0 days 00:00:13.374306,0.12520653814999466,0.995382127406387,0.024376795198947098,0.7721514930979356,,,COMPLETE
2,0.017992919613084045,2026-10-04 20:13:09.064577,2026-10-04 20:13:18.808426,0 days 00:00:09.743849,0.07035737028722149,0.9988237928247544,0.010160177584759029,0.7167152904533249,,,COMPLETE
3,0.12293841234759281,2026-10-04 20:13:18.808796,2026-10-04 20:13:22.581636,0 days 00:00:03.772840,0.845912652804937,0.9952237861432792,0.06634115998397347,0.5067532150606222,,,COMPLETE
4,0.02783964809197177,2026-10-04 20:13:22.581767,2026-10-04 20:13:25.784150,0 days 00:00:03.202383,0.1368009527972692,0.9908586678693103,0.0014569884221235917,0.9404773106341289,,,COMPLETE
5,0.030865782898204117,2026-10-04 20:13:25.784461,2026-10-04 20:13:28.999264,0 days 00:00:03.214803,0.01097581541938016,0.9986075432366512,0.06173934607685506,0.8660958764383504,,,COMPLETE
6,0.11075130603989265,2026-10-04 20:13:28.999380,2026-10-04 20:13:31.434265,0 days 00:00:02.434885,0.9062263471261947,0.9977187936062462,0.011531288953636368,0.8393268513733789,,,COMPLETE
7,0.03631100362218935,2026-10-04 20:13:31.434447,2026-10-04 20:13:33.574515,0 days 00:00:02.140068,0.017240460099242298,0.999349643991052,0.002137274057677316,0.7119368170620191,,,COMPLETE
8,0.018741986384777577,2026-10-04 20:13:33.574665,2026-10-04 20:13:35.556934,0 days 00:00:01.982269,0.11058510725696459,0.9976562962864239,0.00406209802079081,0.5317295519924189,,,COMPLETE
9,0.05232091490909065,2026-10-04 20:13:35.557096,2026-10-04 20:13:38.151398,0 days 00:00:02.594302,0.08171478915115864,0.9961029549550362,0.0011046784818354066,0.6547471590949189,,,COMPLETE
10,0.020252703028679698,2026-10-04 20:13:38.151604,2026-10-04 20:13:40.410214,0 days 00:00:02.258610,0.21333011585444311,0.9910058542129958,0.042834237621656925,0.6624712745454485,,"{""alpha"": 0.21333011585444311, ""eps_decay"": 0.9910058542129958, ""eps_min"": 0.042834237621656925, ""eps_start"": 0.6624712745454485}",COMPLETE
11,0.042157030513103856,2026-10-04 20:13:40.410344,2026-10-04 20:13:43.140936,0 days 00:00:02.730592,0.0842821634879713,0.9974811575720368,0.008958002424887328,0.4197388243702803,,"{""alpha"": 0.0842821634879713, ""eps_decay"": 0.9974811575720368, ""eps_min"": 0.008958002424887328, ""eps_start"": 0.4197388243702803}",COMPLETE
12,0.053139076879296025,2026-10-04 20:13:43.141042,2026-10-04 20:13:45.293650,0 days 00:00:02.152608,0.01370450697838386,0.9980539444441453,0.009437227339108033,0.5005750442147774,,"{""alpha"": 0.01370450697838386, ""eps_decay"": 0.9980539444441453, ""eps_min"": 0.009437227339108033, ""eps_start"": 0.5005750442147774}",COMPLETE
13,0.03181707187615144,2026-10-04 20:13:45.293820,2026-10-04 20:13:48.936543,0 days 00:00:03.642723,0.03694144310730366,0.9967056982595547,0.00415611196567839,0.7657271804665073,,"{""alpha"": 0.03694144310730366, ""eps_decay"": 0.9967056982595547, ""eps_min"": 0.00415611196567839, ""eps_start"": 0.7657271804665073}",COMPLETE
14,0.016316900651128587,2026-10-04 20:13:48.936757,2026-10-04 20:13:55.001431,0 days 00:00:06.064674,0.12303621789870543,0.9996285925944512,0.01632785527391537,0.6264067791692705,,"{""alpha"": 0.12303621789870543, ""eps_decay"": 0.9996285925944512, ""eps_min"": 0.01632785527391537, ""eps_start"": 0.6264067791692705}",COMPLETE
15,0.023284582769273712,2026-10-04 20:13:55.001829,2026-10-04 20:13:57.510039,0 days 00:00:02.508210,0.020927011813363757,0.9992755519711584,0.014947329209982454,0.8779373480179802,,"{""alpha"": 0.020927011813363757, ""eps_decay"": 0.9992755519711584, ""eps_min"": 0.014947329209982454, ""eps_start"": 0.8779373480179802}",COMPLETE
16,0.02740870761419896,2026-10-04 20:13:57.510164,2026-10-04 20:13:59.393443,0 days 00:00:01.883279,0.04115856606244184,0.9990806151504403,0.003925101416771816,0.5426684146067481,,"{""alpha"": 0.04115856606244184, ""eps_decay"": 0.9990806151504403, ""eps_min"": 0.003925101416771816, ""eps_start"": 0.5426684146067481}",COMPLETE
17,0.019412147944169206,2026-10-04 20:13:59.393614,2026-10-04 20:14:01.395505,0 days 00:00:02.001891,0.14353297253125158,0.9993557024377346,0.0273604441383253,0.512607484416467,,"{""alpha"": 0.14353297253125158, ""eps_decay"": 0.9993557024377346, ""eps_min"": 0.0273604441383253, ""eps_start"": 0.512607484416467}",COMPLETE
18,0.0238836795714221,2026-10-04 20:14:01.395630,2026-10-04 20:14:03.232985,0 days 00:00:01.837355,0.2577319559061824,0.9981219293495752,0.022146218762531256,0.7994928166694105,,"{""alpha"": 0.2577319559061824, ""eps_decay"": 0.9981219293495752, ""eps_min"": 0.022146218762531256, ""eps_start"": 0.7994928166694105}",COMPLETE
19,0.02241118448339382,2026-10-04 20:14:03.233093,2026-10-04 20:14:04.753486,0 days 00:00:01.520393,0.30945044777152214,0.9962283716389431,0.014199253830140658,0.8535859650674191,,"{""alpha"": 0.30945044777152214, ""eps_decay"": 0.9962283716389431, ""eps_min"": 0.014199253830140658, ""eps_start"": 0.8535859650674191}",COMPLETE
20,0.036176351639301656,2026-10-04 20:14:04.753591,2026-10-04 20:14:06.265453,0 days 00:00:01.511862,0.04503406676528817,0.9985020864141788,0.045579254315589755,0.5917560790923255,,"{""alpha"": 0.04503406676528817, ""eps_decay"": 0.9985020864141788, ""eps_min"": 0.045579254315589755, ""eps_start"": 0.5917560790923255}",COMPLETE
21,0.03612864874406819,2026-10-04 20:14:06.265574,2026-10-04 20:14:08.124911,0 days 00:00:01.859337,0.23480304613558198,0.9995489885519583,0.004725501646916019,0.5838205668544826,,"{""alpha"": 0.23480304613558198, ""eps_decay"": 0.9995489885519583, ""eps_min"": 0.004725501646916019, ""eps_start"": 0.5838205668544826}",COMPLETE
22,0.018947496897188238,2026-10-04 20:14:08.125081,2026-10-04 20:14:09.667813,0 days 00:00:01.542732,0.21424336680308315,0.9967611291987749,0.0036525308354824785,0.6355944167745945,,"{""alpha"": 0.21424336680308315, ""eps_decay"": 0.9967611291987749, ""eps_min"": 0.0036525308354824785, ""eps_start"": 0.6355944167745945}",COMPLETE
23,0.009819352058451426,2026-10-04 20:14:09.667930,2026-10-04 20:14:11.352472,0 days 00:00:01.684542,0.08759439187960916,0.9987396438989176,0.0055386763517854196,0.8167296687429052,,"{""alpha"": 0.08759439187960916, ""eps_decay"": 0.9987396438989176, ""eps_min"": 0.0055386763517854196, ""eps_start"": 0.8167296687429052}",COMPLETE
24,0.03558128009748482,2026-10-04 20:14:11.352584,2026-10-04 20:14:13.232037,0 days 00:00:01.879453,0.04562520734101175,0.9977881878235354,0.03601583481971153,0.8207267433716511,,"{""alpha"": 0.04562520734101175, ""eps_decay"": 0.9977881878235354, ""eps_min"": 0.03601583481971153, ""eps_start"": 0.8207267433716511}",COMPLETE
25,0.01715731809175906,2026-10-04 20:14:13.232145,2026-10-04 20:14:15.136156,0 days 00:00:01.904011,0.11737947626060563,0.99826534035899,0.005397739138754683,0.7295935224366199,,"{""alpha"": 0.11737947626060563, ""eps_decay"": 0.99826534035899, ""eps_min"": 0.005397739138754683, ""eps_start"": 0.7295935224366199}",COMPLETE
26,0.011165630439713949,2026-10-04 20:14:15.136267,2026-10-04 20:14:17.243952,0 days 00:00:02.107685,0.1314243278664117,0.9982151113571307,0.0020463159631698958,0.8297553421152842,,"{""alpha"": 0.1314243278664117, ""eps_decay"": 0.9982151113571307, ""eps_min"": 0.0020463159631698958, ""eps_start"": 0.8297553421152842}",COMPLETE
27,0.013760488490467078,2026-10-04 20:14:17.244105,2026-10-04 20:14:19.755802,0 days 00:00:02.511697,0.0475123879970843,0.9984417379320718,0.002182530829144971,0.9399501514780364,,"{""alpha"": 0.0475123879970843, ""eps_decay"": 0.9984417379320718, ""eps_min"": 0.002182530829144971, ""eps_start"": 0.9399501514780364}",COMPLETE
28,0.010825522083103065,2026-10-04 20:14:19.755954,2026-10-04 20:14:22.264048,0 days 00:00:02.508094,0.05453940121330341,0.9983023997572935,0.0029264127775286346,0.9198542596196728,,"{""alpha"": 0.05453940121330341, ""eps_decay"": 0.9983023997572935, ""eps_min"": 0.0029264127775286346, ""eps_start"": 0.9198542596196728}",COMPLETE
29,0.025096667720039288,2026-10-04 20:14:22.264185,2026-10-04 20:14:24.667767,0 days 00:00:02.403582,0.06782201994319828,0.9967495224330617,0.002046508695810594,0.9214108761975457,,"{""alpha"": 0.06782201994319828, ""eps_decay"": 0.9967495224330617, ""eps_min"": 0.002046508695810594, ""eps_start"": 0.9214108761975457}",COMPLETE
30,0.0070521704534513225,2026-10-04 20:14:24.668031,2026-10-04 20:14:27.095446,0 days 00:00:02.427415,0.05060810986805375,0.9997815684042335,0.006150437538521005,0.8523294382328649,,"{""alpha"": 0.05060810986805375, ""eps_decay"": 0.9997815684042335, ""eps_min"": 0.006150437538521005, ""eps_start"": 0.8523294382328649}",COMPLETE
31,0.017672591323172674,2026-10-04 20:14:27.095572,2026-10-04 20:14:30.302558,0 days 00:00:03.206986,0.051521581689764506,0.9984548975637453,0.0071461211748767035,0.8413518239118182,,"{""alpha"": 0.051521581689764506, ""eps_decay"": 0.9984548975637453, ""eps_min"": 0.0071461211748767035, ""eps_start"": 0.8413518239118182}",COMPLETE
32,0.009496025400294582,2026-10-04 20:14:30.302874,2026-10-04 20:14:33.515720,0 days 00:00:03.212846,0.10240294847309037,0.9981588565323982,0.0016457645736475538,0.8612194466822617,,"{""alpha"": 0.10240294847309037, ""eps_decay"": 0.9981588565323982, ""eps_min"": 0.0016457645736475538, ""eps_start"": 0.8612194466822617}",COMPLETE
33,0.014092666514558724,2026-10-04 20:14:33.515848,2026-10-04 20:14:36.771977,0 days 00:00:03.256129,0.1290125314449317,0.9989041452298358,0.0014258953952291681,0.7050392211827841,,"{""alpha"": 0.1290125314449317, ""eps_decay"": 0.9989041452298358, ""eps_min"": 0.0014258953952291681, ""eps_start"": 0.7050392211827841}",COMPLETE
34,0.00839128812159326,2026-10-04 20:14:36.772226,2026-10-04 20:14:38.791785,0 days 00:00:02.019559,0.07922663903379717,0.9998381554255606,0.003075590304704956,0.9867234187689988,,"{""alpha"": 0.07922663903379717, ""eps_decay"": 0.9998381554255606, ""eps_min"": 0.003075590304704956, ""eps_start"": 0.9867234187689988}",COMPLETE
35,0.02091255860434685,2026-10-04 20:14:38.791898,2026-10-04 20:14:40.345874,0 days 00:00:01.553976,0.16664279525346146,0.9994340412163988,0.007982339358757098,0.8681944044232895,,"{""alpha"": 0.16664279525346146, ""eps_decay"": 0.9994340412163988, ""eps_min"": 0.007982339358757098, ""eps_start"": 0.8681944044232895}",COMPLETE
36,0.01246732479862566,2026-10-04 20:14:40.345988,2026-10-04 20:14:41.916722,0 days 00:00:01.570734,0.10591601044850073,0.9992843357623511,0.004050509959603457,0.961476464647069,,"{""alpha"": 0.10591601044850073, ""eps_decay"": 0.9992843357623511, ""eps_min"": 0.004050509959603457, ""eps_start"": 0.961476464647069}",COMPLETE
37,0.029060009077260987,2026-10-04 20:14:41.916832,2026-10-04 20:14:44.843035,0 days 00:00:02.926203,0.2006880571499866,0.9996126705535873,0.004913673212960664,0.9706113551611278,,"{""alpha"": 0.2006880571499866, ""eps_decay"": 0.9996126705535873, ""eps_min"": 0.004913673212960664, ""eps_start"": 0.9706113551611278}",COMPLETE
38,0.005203258716642824,2026-10-04 20:14:44.843359,2026-10-04 20:14:48.692823,0 days 00:00:03.849464,0.06890005161162625,0.9996435610057015,0.002704020833504087,0.9294538865899472,,"{""alpha"": 0.06890005161162625, ""eps_decay"": 0.9996435610057015, ""eps_min"": 0.002704020833504087, ""eps_start"": 0.9294538865899472}",COMPLETE
39,0.007706276263897364,2026-10-04 20:14:48.693050,2026-10-04 20:14:52.673803,0 days 00:00:03.980753,0.06749785651180885,0.9995546436392804,0.003921975596887428,0.7691167512161119,,"{""alpha"": 0.06749785651180885, ""eps_decay"": 0.9995546436392804, ""eps_min"": 0.003921975596887428, ""eps_start"": 0.7691167512161119}",COMPLETE
