number,value,datetime_start,datetime_complete,duration,params_alpha,params_eps_decay,params_eps_min,params_eps_start,system_attrs_fixed_params,system_attrs_tpe:relative_params:0,state
0,0.03534827985743275,2026-10-04 20:09:58.796373,2026-10-04 20:10:01.240744,0 days 00:00:02.444371,0.1,0.995,0.05,1.0,"{'alpha': 0.1, 'eps_start': 1.0, 'eps_min': 0.05, 'eps_decay': 0.995}",,COMPLETE
1,0.03098905121044559,2026-10-04 20:10:01.241145,2026-10-04 20:10:04.291241,0 days 00:00:03.050096,0.12520653814999466,0.995382127406387,0.024376795198947098,0.7721514930979356,,,COMPLETE
2,0.038042207251484814,2026-10-04 20:10:04.291664,2026-10-04 20:10:07.097397,0 days 00:00:02.805733,0.07035737028722149,0.9988237928247544,0.010160177584759029,0.7167152904533249,,,COMPLETE
3,0.3246896423045271,2026-10-04 20:10:07.097611,2026-10-04 20:10:10.644339,0 days 00:00:03.546728,0.845912652804937,0.9952237861432792,0.06634115998397347,0.5067532150606222,,,COMPLETE
4,0.019389701405693335,2026-10-04 20:10:10.644656,2026-10-04 20:10:12.403840,0 days 00:00:01.759184,0.1368009527972692,0.9908586678693103,0.0014569884221235917,0.9404773106341289,,,COMPLETE
5,0.01848449879867644,2026-10-04 20:10:12.403958,2026-10-04 20:10:14.607859,0 days 00:00:02.203901,0.01097581541938016,0.9986075432366512,0.06173934607685506,0.8660958764383504,,,COMPLETE
6,0.36989621042784954,2026-10-04 20:10:14.608687,2026-10-04 20:10:20.498879,0 days 00:00:05.890192,0.9062263471261947,0.9977187936062462,0.011531288953636368,0.8393268513733789,,,COMPLETE
7,0.01773707164728041,2026-10-04 20:10:20.499340,2026-10-04 20:10:23.717716,0 days 00:00:03.218376,0.017240460099242298,0.999349643991052,0.002137274057677316,0.7119368170620191,,,COMPLETE
8,0.031743549687258496,2026-10-04 20:10:23.718218,2026-10-04 20:10:28.278208,0 days 00:00:04.559990,0.11058510725696459,0.9976562962864239,0.00406209802079081,0.5317295519924189,,,COMPLETE
9,0.0305968365251745,2026-10-04 20:10:28.278545,2026-10-04 20:10:31.160355,0 days 00:00:02.881810,0.08171478915115864,0.9961029549550362,0.0011046784818354066,0.6547471590949189,,,COMPLETE
10,0.0170917978501128,2026-10-04 20:10:31.160589,2026-10-04 20:10:33.258829,0 days 00:00:02.098240,0.010981684015202468,0.9946175509827911,0.0014385646984302791,0.6707693828883101,,"{""alpha"": 0.010981684015202468, ""eps_decay"": 0.9946175509827911, ""eps_min"": 0.0014385646984302791, ""eps_start"": 0.6707693828883101}",COMPLETE
11,0.008516489662282634,2026-10-04 20:10:33.258945,2026-10-04 20:10:35.012923,0 days 00:00:01.753978,0.010182095246449011,0.9939520720423687,0.001044051050332837,0.5485062811238144,,"{""alpha"": 0.010182095246449011, ""eps_decay"": 0.9939520720423687, ""eps_min"": 0.001044051050332837, ""eps_start"": 0.5485062811238144}",COMPLETE
12,0.0012526638831727758,2026-10-04 20:10:35.013056,2026-10-04 20:10:36.607249,0 days 00:00:01.594193,0.01548276874919036,0.9935554613390738,0.001634395194806252,0.5225800901789502,,"{""alpha"": 0.01548276874919036, ""eps_decay"": 0.9935554613390738, ""eps_min"": 0.001634395194806252, ""eps_start"": 0.5225800901789502}",COMPLETE
13,0.011341415750562713,2026-10-04 20:10:36.607354,2026-10-04 20:10:38.536259,0 days 00:00:01.928905,0.02136682881436756,0.992306519651405,0.0018692174443205882,0.47654936235748274,,"{""alpha"": 0.02136682881436756, ""eps_decay"": 0.992306519651405, ""eps_min"": 0.0018692174443205882, ""eps_start"": 0.47654936235748274}",COMPLETE
14,0.008804176339556777,2026-10-04 20:10:38.536376,2026-10-04 20:10:40.690895,0 days 00:00:02.154519,0.01045163174888998,0.9953019940812716,0.010423435938196553,0.4600322343205492,,"{""alpha"": 0.01045163174888998, ""eps_decay"": 0.9953019940812716, ""eps_min"": 0.010423435938196553, ""eps_start"": 0.4600322343205492}",COMPLETE
15,0.03201390152971417,2026-10-04 20:10:40.691197,2026-10-04 20:10:43.245507,0 days 00:00:02.554310,0.017701972625319508,0.9942123229799473,0.0018512406574608172,0.25613517139498454,,"{""alpha"": 0.017701972625319508, ""eps_decay"": 0.9942123229799473, ""eps_min"": 0.0018512406574608172, ""eps_start"": 0.25613517139498454}",COMPLETE
16,0.01313581014720054,2026-10-04 20:10:43.245630,2026-10-04 20:10:46.062518,0 days 00:00:02.816888,0.0240590919711145,0.9916374462834963,0.006509387758078203,0.6004022977367144,,"{""alpha"": 0.0240590919711145, ""eps_decay"": 0.9916374462834963, ""eps_min"": 0.006509387758078203, ""eps_start"": 0.6004022977367144}",COMPLETE
17,0.017380043262604505,2026-10-04 20:10:46.062919,2026-10-04 20:10:48.852955,0 days 00:00:02.790036,0.05283263299981995,0.9928168141297339,0.001102023445369254,0.4601751643663667,,"{""alpha"": 0.05283263299981995, ""eps_decay"": 0.9928168141297339, ""eps_min"": 0.001102023445369254, ""eps_start"": 0.4601751643663667}",COMPLETE
18,0.01795151259547355,2026-10-04 20:10:48.853107,2026-10-04 20:10:51.322219,0 days 00:00:02.469112,0.05878209795563487,0.994580866330151,0.004265884967060553,0.6639860587641434,,"{""alpha"": 0.05878209795563487, ""eps_decay"": 0.994580866330151, ""eps_min"": 0.004265884967060553, ""eps_start"": 0.6639860587641434}",COMPLETE
19,0.01507793527157836,2026-10-04 20:10:51.322486,2026-10-04 20:11:01.864185,0 days 00:00:10.541699,0.011906384425890043,0.9939131485440637,0.0011093577671444834,0.8877940859453096,,"{""alpha"": 0.011906384425890043, ""eps_decay"": 0.9939131485440637, ""eps_min"": 0.0011093577671444834, ""eps_start"": 0.8877940859453096}",COMPLETE
20,0.01713904714820767,2026-10-04 20:11:01.868037,2026-10-04 20:11:13.384067,0 days 00:00:11.516030,0.015127998878926428,0.9980187144018627,0.001090857187679141,0.5061048283114202,,"{""alpha"": 0.015127998878926428, ""eps_decay"": 0.9980187144018627, ""eps_min"": 0.001090857187679141, ""eps_start"": 0.5061048283114202}",COMPLETE
21,0.005886368771184799,2026-10-04 20:11:13.384444,2026-10-04 20:11:22.817055,0 days 00:00:09.432611,0.012204378432982395,0.9943969454019959,0.009705005672446507,0.4164758862533021,,"{""alpha"": 0.012204378432982395, ""eps_decay"": 0.9943969454019959, ""eps_min"": 0.009705005672446507, ""eps_start"": 0.4164758862533021}",COMPLETE
22,0.008318698029142797,2026-10-04 20:11:22.817551,2026-10-04 20:11:26.933490,0 days 00:00:04.115939,0.018476359688664352,0.9927577772776334,0.019846034148418592,0.4271775254532077,,"{""alpha"": 0.018476359688664352, ""eps_decay"": 0.9927577772776334, ""eps_min"": 0.019846034148418592, ""eps_start"": 0.4271775254532077}",COMPLETE
23,0.011261243248449114,2026-10-04 20:11:26.933640,2026-10-04 20:11:29.366958,0 days 00:00:02.433318,0.0122071012544824,0.9914133591676383,0.020572715495850376,0.405882261435229,,"{""alpha"": 0.0122071012544824, ""eps_decay"": 0.9914133591676383, ""eps_min"": 0.020572715495850376, ""eps_start"": 0.405882261435229}",COMPLETE
24,0.009448425995793154,2026-10-04 20:11:29.367123,2026-10-04 20:11:31.453656,0 days 00:00:02.086533,0.01650391234302357,0.9932912292251612,0.02164608174583023,0.6437161428653985,,"{""alpha"": 0.01650391234302357, ""eps_decay"": 0.9932912292251612, ""eps_min"": 0.02164608174583023, ""eps_start"": 0.6437161428653985}",COMPLETE
25,0.016681791720023424,2026-10-04 20:11:31.453829,2026-10-04 20:11:33.282742,0 days 00:00:01.828913,0.028657189349207714,0.9928652041788456,0.004181894943362367,0.35450497357168154,,"{""alpha"": 0.028657189349207714, ""eps_decay"": 0.9928652041788456, ""eps_min"": 0.004181894943362367, ""eps_start"": 0.35450497357168154}",COMPLETE
26,0.008669023665612329,2026-10-04 20:11:33.282977,2026-10-04 20:11:35.057598,0 days 00:00:01.774621,0.01237110652155113,0.9946412717686158,0.004333633228880672,0.4310471239391812,,"{""alpha"": 0.01237110652155113, ""eps_decay"": 0.9946412717686158, ""eps_min"": 0.004333633228880672, ""eps_start"": 0.4310471239391812}",COMPLETE
27,0.011403051242953714,2026-10-04 20:11:35.057708,2026-10-04 20:11:36.752067,0 days 00:00:01.694359,0.01714498583609984,0.9939067724706291,0.031524992013005446,0.30785644546563434,,"{""alpha"": 0.01714498583609984, ""eps_decay"": 0.9939067724706291, ""eps_min"": 0.031524992013005446, ""eps_start"": 0.30785644546563434}",COMPLETE
28,0.011142697333923328,2026-10-04 20:11:36.752180,2026-10-04 20:11:38.433609,0 days 00:00:01.681429,0.03269300235423308,0.9929169926960097,0.02319738553356095,0.30793830407613126,,"{""alpha"": 0.03269300235423308, ""eps_decay"": 0.9929169926960097, ""eps_min"": 0.02319738553356095, ""eps_start"": 0.30793830407613126}",COMPLETE
29,0.01439354718345734,2026-10-04 20:11:38.433715,2026-10-04 20:11:40.199053,0 days 00:00:01.765338,0.02943871144965783,0.9918194459511064,0.010141562773998632,0.3455906900206346,,"{""alpha"": 0.02943871144965783, ""eps_decay"": 0.9918194459511064, ""eps_min"": 0.010141562773998632, ""eps_start"": 0.3455906900206346}",COMPLETE
30,0.01420600560289159,2026-10-04 20:11:40.199168,2026-10-04 20:11:42.646660,0 days 00:00:02.447492,0.04039688653398158,0.9941093666827682,0.009583229461311406,0.41243703405067633,,"{""alpha"": 0.04039688653398158, ""eps_decay"": 0.9941093666827682, ""eps_min"": 0.009583229461311406, ""eps_start"": 0.41243703405067633}",COMPLETE
31,0.012119145046013689,2026-10-04 20:11:42.646941,2026-10-04 20:11:44.335085,0 days 00:00:01.688144,0.0137169322786084,0.9933216586938622,0.00314764997648751,0.6450173357131379,,"{""alpha"": 0.0137169322786084, ""eps_decay"": 0.9933216586938622, ""eps_min"": 0.00314764997648751, ""eps_start"": 0.6450173357131379}",COMPLETE
32,0.019187639383722623,2026-10-04 20:11:44.335188,2026-10-04 20:11:45.977060,0 days 00:00:01.641872,0.034070742118438135,0.9933203780914752,0.0039022220168017244,0.5735319760388319,,"{""alpha"": 0.034070742118438135, ""eps_decay"": 0.9933203780914752, ""eps_min"": 0.0039022220168017244, ""eps_start"": 0.5735319760388319}",COMPLETE
33,0.01732918407487075,2026-10-04 20:11:45.977211,2026-10-04 20:11:49.011835,0 days 00:00:03.034624,0.03160630929795761,0.9944577380484911,0.0022784745780027667,0.458112587877651,,"{""alpha"": 0.03160630929795761, ""eps_decay"": 0.9944577380484911, ""eps_min"": 0.0022784745780027667, ""eps_start"": 0.458112587877651}",COMPLETE
34,0.012592386311527858,2026-10-04 20:11:49.012207,2026-10-04 20:11:51.601895,0 days 00:00:02.589688,0.01041046816529239,0.9935581870494449,0.005732120449510222,0.2780115390945427,,"{""alpha"": 0.01041046816529239, ""eps_decay"": 0.9935581870494449, ""eps_min"": 0.005732120449510222, ""eps_start"": 0.2780115390945427}",COMPLETE
35,0.010477719130287963,2026-10-04 20:11:51.602031,2026-10-04 20:11:54.781160,0 days 00:00:03.179129,0.015504359672874753,0.9952017081969199,0.0011661768305778486,0.4440765565869978,,"{""alpha"": 0.015504359672874753, ""eps_decay"": 0.9952017081969199, ""eps_min"": 0.0011661768305778486, ""eps_start"": 0.4440765565869978}",COMPLETE
36,0.017685731280320492,2026-10-04 20:11:54.781581,2026-10-04 20:11:57.548047,0 days 00:00:02.766466,0.01974313520617882,0.993541666050939,0.0015862871597598317,0.7435092404891378,,"{""alpha"": 0.01974313520617882, ""eps_decay"": 0.993541666050939, ""eps_min"": 0.0015862871597598317, ""eps_start"": 0.7435092404891378}",COMPLETE
37,0.0089805749895079,2026-10-04 20:11:57.548211,2026-10-04 20:12:02.346838,0 days 00:00:04.798627,0.010618322222815788,0.9951713795430113,0.004324676729865569,0.5226409266594579,,"{""alpha"": 0.010618322222815788, ""eps_decay"": 0.9951713795430113, ""eps_min"": 0.004324676729865569, ""eps_start"": 0.5226409266594579}",COMPLETE
38,0.011610861580080395,2026-10-04 20:12:02.347226,2026-10-04 20:12:05.193111,0 days 00:00:02.845885,0.010933110428204298,0.9934899575505999,0.0013996634161092115,0.557886254373687,,"{""alpha"": 0.010933110428204298, ""eps_decay"": 0.9934899575505999, ""eps_min"": 0.0013996634161092115, ""eps_start"": 0.557886254373687}",COMPLETE
39,0.009097791280116212,2026-10-04 20:12:05.193248,2026-10-04 20:12:08.496742,0 days 00:00:03.303494,0.02940025982468229,0.9942281302753063,0.001181952647126231,0.571559487456013,,"{""alpha"": 0.02940025982468229, ""eps_decay"": 0.9942281302753063, ""eps_min"": 0.001181952647126231, ""eps_start"": 0.571559487456013}",COMPLETE
